  main.cpp
  out_gl.cpp
D:\tinySeries\tinyRender\src\out_gl.cpp(148,33): warning C4244: “初始化”: 从“_Ty”转换到“int”，可能丢失数据
D:\tinySeries\tinyRender\src\out_gl.cpp(148,33): warning C4244:         with
D:\tinySeries\tinyRender\src\out_gl.cpp(148,33): warning C4244:         [
D:\tinySeries\tinyRender\src\out_gl.cpp(148,33): warning C4244:             _Ty=float
D:\tinySeries\tinyRender\src\out_gl.cpp(148,33): warning C4244:         ]
D:\tinySeries\tinyRender\src\out_gl.cpp(149,33): warning C4244: “初始化”: 从“_Ty”转换到“int”，可能丢失数据
D:\tinySeries\tinyRender\src\out_gl.cpp(149,33): warning C4244:         with
D:\tinySeries\tinyRender\src\out_gl.cpp(149,33): warning C4244:         [
D:\tinySeries\tinyRender\src\out_gl.cpp(149,33): warning C4244:             _Ty=float
D:\tinySeries\tinyRender\src\out_gl.cpp(149,33): warning C4244:         ]
D:\tinySeries\tinyRender\src\out_gl.cpp(200,50): warning C4244: “=”: 从“T”转换到“T”，可能丢失数据
D:\tinySeries\tinyRender\src\out_gl.cpp(200,50): warning C4244:         with
D:\tinySeries\tinyRender\src\out_gl.cpp(200,50): warning C4244:         [
D:\tinySeries\tinyRender\src\out_gl.cpp(200,50): warning C4244:             T=float
D:\tinySeries\tinyRender\src\out_gl.cpp(200,50): warning C4244:         ]
D:\tinySeries\tinyRender\src\out_gl.cpp(200,50): warning C4244:         and
D:\tinySeries\tinyRender\src\out_gl.cpp(200,50): warning C4244:         [
D:\tinySeries\tinyRender\src\out_gl.cpp(200,50): warning C4244:             T=int
D:\tinySeries\tinyRender\src\out_gl.cpp(200,50): warning C4244:         ]
D:\tinySeries\tinyRender\src\out_gl.cpp(201,50): warning C4244: “=”: 从“T”转换到“T”，可能丢失数据
D:\tinySeries\tinyRender\src\out_gl.cpp(201,50): warning C4244:         with
D:\tinySeries\tinyRender\src\out_gl.cpp(201,50): warning C4244:         [
D:\tinySeries\tinyRender\src\out_gl.cpp(201,50): warning C4244:             T=float
D:\tinySeries\tinyRender\src\out_gl.cpp(201,50): warning C4244:         ]
D:\tinySeries\tinyRender\src\out_gl.cpp(201,50): warning C4244:         and
D:\tinySeries\tinyRender\src\out_gl.cpp(201,50): warning C4244:         [
D:\tinySeries\tinyRender\src\out_gl.cpp(201,50): warning C4244:             T=int
D:\tinySeries\tinyRender\src\out_gl.cpp(201,50): warning C4244:         ]
D:\tinySeries\tinyRender\src\out_gl.cpp(202,50): warning C4244: “=”: 从“T”转换到“T”，可能丢失数据
D:\tinySeries\tinyRender\src\out_gl.cpp(202,50): warning C4244:         with
D:\tinySeries\tinyRender\src\out_gl.cpp(202,50): warning C4244:         [
D:\tinySeries\tinyRender\src\out_gl.cpp(202,50): warning C4244:             T=float
D:\tinySeries\tinyRender\src\out_gl.cpp(202,50): warning C4244:         ]
D:\tinySeries\tinyRender\src\out_gl.cpp(202,50): warning C4244:         and
D:\tinySeries\tinyRender\src\out_gl.cpp(202,50): warning C4244:         [
D:\tinySeries\tinyRender\src\out_gl.cpp(202,50): warning C4244:             T=int
D:\tinySeries\tinyRender\src\out_gl.cpp(202,50): warning C4244:         ]
D:\tinySeries\tinyRender\src\geometry.h(48,32): warning C4244: “/=”: 从“const double”转换到“T”，可能丢失数据
D:\tinySeries\tinyRender\src\geometry.h(48,32): warning C4244:         with
D:\tinySeries\tinyRender\src\geometry.h(48,32): warning C4244:         [
D:\tinySeries\tinyRender\src\geometry.h(48,32): warning C4244:             T=float
D:\tinySeries\tinyRender\src\geometry.h(48,32): warning C4244:         ]
  (编译源文件“src/out_gl.cpp”)
      D:\tinySeries\tinyRender\src\geometry.h(48,32):
      模板实例化上下文(最早的实例化上下文)为
          D:\tinySeries\tinyRender\src\out_gl.cpp(196,53):
          查看对正在编译的函数 模板 实例化“vec<4,float> operator /<4,float>(const vec<4,float> &,const double &)”的引用
  
  正在生成代码...
  MyTinyRender.vcxproj -> D:\tinySeries\tinyRender\bin\Debug-windows-x86_64\MyTinyRender\MyTinyRender.exe
